\BOOKMARK [1][-]{section.1}{Conceptual}{}% 1
\BOOKMARK [2][-]{subsection.1.1}{Statistical Significance}{section.1}% 2
\BOOKMARK [3][-]{subsubsection.1.1.1}{Intercept}{subsection.1.1}% 3
\BOOKMARK [3][-]{subsubsection.1.1.2}{TV}{subsection.1.1}% 4
\BOOKMARK [3][-]{subsubsection.1.1.3}{Radio}{subsection.1.1}% 5
\BOOKMARK [3][-]{subsubsection.1.1.4}{Newspaper}{subsection.1.1}% 6
\BOOKMARK [3][-]{subsubsection.1.1.5}{General Conclusion}{subsection.1.1}% 7
\BOOKMARK [2][-]{subsection.1.2}{Least Squares Analysis***}{section.1}% 8
\BOOKMARK [3][-]{subsubsection.1.2.1}{Which is true}{subsection.1.2}% 9
\BOOKMARK [3][-]{subsubsection.1.2.2}{Proof}{subsection.1.2}% 10
\BOOKMARK [3][-]{subsubsection.1.2.3}{}{subsection.1.2}% 11
\BOOKMARK [2][-]{subsection.1.3}{Cubic vs. Linear Regression}{section.1}% 12
\BOOKMARK [3][-]{subsubsection.1.3.1}{Given Linear Training Data}{subsection.1.3}% 13
\BOOKMARK [3][-]{subsubsection.1.3.2}{Given Linear Test Data}{subsection.1.3}% 14
\BOOKMARK [3][-]{subsubsection.1.3.3}{Given non-linear Training Data}{subsection.1.3}% 15
\BOOKMARK [3][-]{subsubsection.1.3.4}{Given Unknown Data}{subsection.1.3}% 16
\BOOKMARK [2][-]{subsection.1.4}{RSS proof}{section.1}% 17
\BOOKMARK [2][-]{subsection.1.5}{Applied}{section.1}% 18
\BOOKMARK [2][-]{subsection.1.6}{Fitting linear regression to data}{section.1}% 19
\BOOKMARK [3][-]{subsubsection.1.6.1}{Confidence intervals:}{subsection.1.6}% 20
\BOOKMARK [2][-]{subsection.1.7}{Question 6}{section.1}% 21
\BOOKMARK [3][-]{subsubsection.1.7.1}{Alter Variables by sqrt}{subsection.1.7}% 22
\BOOKMARK [3][-]{subsubsection.1.7.2}{Alter Variables by log}{subsection.1.7}% 23
